<?xml version="1.0" encoding="UTF-8"?>
<!-- Generated by org.testng.reporters.JUnitReportReporter -->
<testsuite hostname="DESKTOP-H3BL2K3" failures="0" tests="1" name="test.aaa" time="15.284" errors="0" timestamp="2024-01-24T15:31:55 IST" skipped="0">
  <testcase classname="test.aaa" name="tests" time="15.284"/>
</testsuite> <!-- test.aaa -->
